<?xml version="1.0" encoding="UTF-8"?>
<testsuite xmlns:xsi="http://www.w3.org/2001/XMLSchema-instance" xsi:noNamespaceSchemaLocation="https://maven.apache.org/surefire/maven-surefire-plugin/xsd/surefire-test-report-3.0.xsd" version="3.0" name="TestRunner.Run" time="21.509" tests="1" errors="0" skipped="0" failures="0">
  <properties>
[...]
</properties>
  <testcase name="Successful Login with valid Credentials" classname="Login" time="19.978">
    <system-out><![CDATA[setup sanity method executed
[DEBUG] Resolution firefox=114 in cache (valid until 20:41:09 21/06/2023 IST)
[DEBUG] Resolution firefox114=0.33.0 in cache (valid until 19:41:09 22/06/2023 IST)
[INFO] Using geckodriver 0.33.0 (resolved driver for Firefox 114)
[DEBUG] Driver geckodriver 0.33.0 found in cache
[INFO] Exporting webdriver.gecko.driver as C:\Users\hii\.cache\selenium\geckodriver\win64\0.33.0\geckodriver.exe
[DEBUG] Resolution chrome=114 in cache (valid until 20:41:17 21/06/2023 IST)
[DEBUG] Resolution chrome114=114.0.5735.90 in cache (valid until 19:41:17 22/06/2023 IST)
[INFO] Using chromedriver 114.0.5735.90 (resolved driver for Chrome 114)
[DEBUG] Driver chromedriver 114.0.5735.90 found in cache
[INFO] Exporting webdriver.chrome.driver as C:\Users\hii\.cache\selenium\chromedriver\win32\114.0.5735.90\chromedriver.exe
tear down method executed
]]></system-out>
    <system-err><![CDATA[1687358227162	geckodriver	INFO	Listening on 127.0.0.1:63005
1687358227643	mozrunner::runner	INFO	Running command: "C:\\Program Files\\Mozilla Firefox\\firefox.exe" "--marionette" "-no-remote" "-profile" "C:\\Users\\hii\\AppData\\Local\\Temp\\rust_mozprofile1mzS0g"
console.warn: services.settings: Ignoring preference override of remote settings server
console.warn: services.settings: Allow by setting MOZ_REMOTE_SETTINGS_DEVTOOLS=1 in the environment
1687358228705	Marionette	INFO	Marionette enabled
Dynamically enable window occlusion 0
1687358228718	Marionette	INFO	Listening on port 51036
Read port: 51036
Read port: 51036
1687358230225	RemoteAgent	WARN	TLS certificate errors will be ignored for this session
Jun 21, 2023 8:07:13 PM org.openqa.selenium.remote.ProtocolHandshake createSession
INFO: Detected dialect: W3C
Starting ChromeDriver 114.0.5735.90 (386bc09e8f4f2e025eddae123f36f6263096ae49-refs/branch-heads/5735@{#1052}) on port 18773
Only local connections are allowed.
Please see https://chromedriver.chromium.org/security-considerations for suggestions on keeping ChromeDriver safe.
ChromeDriver was started successfully.
Jun 21, 2023 8:07:14 PM org.openqa.selenium.remote.ProtocolHandshake createSession
INFO: Detected dialect: W3C
1687358236215	Marionette	INFO	Stopped listening on port 51036
Dynamically enable window occlusion 1
JavaScript error: chrome://remote/content/marionette/cert.sys.mjs, line 51: NS_ERROR_NOT_AVAILABLE: Component returned failure code: 0x80040111 (NS_ERROR_NOT_AVAILABLE) [nsICertOverrideService.setDisableAllSecurityChecksAndLetAttackersInterceptMyData]
]]></system-err>
  </testcase>
</testsuite>